<?xml version="1.0" encoding="UTF-8"?>
<testsuite name="com.ceiba.cliente.servicio.ServicioEliminarClienteTest" tests="1" skipped="0" failures="0" errors="0" timestamp="2021-07-23T13:29:55" hostname="ALEJANDRO-URBIN" time="0.008">
  <properties/>
  <testcase name="validarEliminarClienteTest" classname="com.ceiba.cliente.servicio.ServicioEliminarClienteTest" time="0.008"/>
  <system-out><![CDATA[]]></system-out>
  <system-err><![CDATA[]]></system-err>
</testsuite>
