<?xml version="1.0" encoding="UTF-8"?>
<testsuite name="com.ceiba.cliente.modelo.dto.ClienteDtoTest" tests="1" skipped="0" failures="0" errors="0" timestamp="2021-07-23T13:29:55" hostname="ALEJANDRO-URBIN" time="0.01">
  <properties/>
  <testcase name="validarCedulaCliente" classname="com.ceiba.cliente.modelo.dto.ClienteDtoTest" time="0.01"/>
  <system-out><![CDATA[]]></system-out>
  <system-err><![CDATA[]]></system-err>
</testsuite>
