<?xml version="1.0" encoding="UTF-8"?>
<testsuite name="com.ceiba.usuario.servicio.ServicioActualizarUsuarioTest" tests="1" skipped="0" failures="0" errors="0" timestamp="2021-07-21T00:09:40" hostname="ALEJANDRO-URBIN" time="0.167">
  <properties/>
  <testcase name="validarUsuarioExistenciaPreviaTest" classname="com.ceiba.usuario.servicio.ServicioActualizarUsuarioTest" time="0.167"/>
  <system-out><![CDATA[]]></system-out>
  <system-err><![CDATA[]]></system-err>
</testsuite>
