<?xml version="1.0" encoding="UTF-8"?>
<testsuite name="com.ceiba.usuario.servicio.ServicioCrearUsuarioTest" tests="2" skipped="0" failures="0" errors="0" timestamp="2021-07-21T00:09:40" hostname="ALEJANDRO-URBIN" time="0.002">
  <properties/>
  <testcase name="validarClaveLongitudMenor4Test" classname="com.ceiba.usuario.servicio.ServicioCrearUsuarioTest" time="0.0"/>
  <testcase name="validarUsuarioExistenciaPreviaTest" classname="com.ceiba.usuario.servicio.ServicioCrearUsuarioTest" time="0.001"/>
  <system-out><![CDATA[]]></system-out>
  <system-err><![CDATA[]]></system-err>
</testsuite>
