<?xml version="1.0" encoding="UTF-8"?>
<testsuite name="com.ceiba.cliente.servicio.ServicioCrearClienteTest" tests="2" skipped="0" failures="0" errors="0" timestamp="2021-07-23T13:29:55" hostname="ALEJANDRO-URBIN" time="0.222">
  <properties/>
  <testcase name="validarIngresoClienteTest" classname="com.ceiba.cliente.servicio.ServicioCrearClienteTest" time="0.22"/>
  <testcase name="validarExistenciaClientelTest" classname="com.ceiba.cliente.servicio.ServicioCrearClienteTest" time="0.002"/>
  <system-out><![CDATA[]]></system-out>
  <system-err><![CDATA[]]></system-err>
</testsuite>
